[03/02/2013 01:41:41] <phalgun> sdaf
[03/02/2013 01:41:43] <phalgun> a
[03/02/2013 01:41:44] <phalgun> dsfa
[03/02/2013 01:41:46] <phalgun> sdf
[03/02/2013 01:41:47] <phalgun> asd
[03/02/2013 01:41:49] <phalgun> f
[03/02/2013 01:41:50] <phalgun> asdf
[03/02/2013 01:42:08] <phalgun> as
[03/02/2013 01:42:08] <phalgun> df
[03/02/2013 01:42:08] <phalgun> asd
[03/02/2013 01:42:08] <phalgun> f
[03/02/2013 01:42:08] <phalgun> asdf
[03/02/2013 01:42:08] <phalgun> sa
[03/02/2013 01:42:08] <phalgun> df
[03/02/2013 01:42:08] <phalgun> asd
[03/02/2013 01:42:08] <phalgun> f
[03/02/2013 01:42:08] <phalgun> fdg
[03/02/2013 01:42:08] <phalgun> sdfg
[03/02/2013 01:42:08] <phalgun> asdf
[03/02/2013 01:42:10] <phalgun> asd
[03/02/2013 01:42:11] <phalgun> f
[03/02/2013 01:42:13] <phalgun> .logs 5
[03/02/2013 01:45:22] <phalgun> phbot: reload logs
[03/02/2013 01:45:40] <phalgun> phbot: reload logs
[03/02/2013 01:45:44] <phalgun> .logs 5
[03/02/2013 03:10:32] <phalgun> phbot: reload logs
[03/02/2013 03:10:37] <phalgun> .logs 6
[03/02/2013 03:12:45] <phalgun> phbot: reload logs
[03/02/2013 03:12:48] <phalgun> .logs 6
[03/02/2013 03:13:14] <phalgun> phbot: reload logs
[03/02/2013 03:13:16] <phalgun> .logs 6
[03/02/2013 03:21:37] <phalgun> phbot: reload logs
[03/02/2013 03:21:39] <phalgun> .logs 6
[03/02/2013 03:53:38] <phalgun> .logs 67
